INFO:root:going to read : /home/ashish/snapdeal/python/csvimagedownload/excel.xls
INFO:root:Error while opening the sheet from file /home/ashish/snapdeal/python/csvimagedownload/excel.xls
INFO:root:[Errno 2] No such file or directory: '/home/ashish/snapdeal/python/csvimagedownload/excel.xls'
INFO:root:going to read : /home/ashish/snapdeal/python/csvimagedownload/excel.xls
INFO:root:Error while opening the sheet from file /home/ashish/snapdeal/python/csvimagedownload/excel.xls
INFO:root:[Errno 2] No such file or directory: '/home/ashish/snapdeal/python/csvimagedownload/excel.xls'
INFO:root:going to read : /home/ashish/snapdeal/python/csvimagedownload/excel.xls
INFO:root:Error while opening the sheet from file /home/ashish/snapdeal/python/csvimagedownload/excel.xls
INFO:root:[Errno 2] No such file or directory: '/home/ashish/snapdeal/python/csvimagedownload/excel.xls'
INFO:root:going to read : /home/ashish/snapdeal/python/csvimagedownload/excel.xls
INFO:root:Error while opening the sheet from file /home/ashish/snapdeal/python/csvimagedownload/excel.xls
INFO:root:[Errno 2] No such file or directory: '/home/ashish/snapdeal/python/csvimagedownload/excel.xls'
INFO:root:going to read : /home/ashish/snapdeal/python/csvimagedownload/excel.xls
INFO:root:Error while opening the sheet from file /home/ashish/snapdeal/python/csvimagedownload/excel.xls
INFO:root:[Errno 2] No such file or directory: '/home/ashish/snapdeal/python/csvimagedownload/excel.xls'
INFO:root:going to read : /home/ashish/snapdeal/python/csvimagedownload/excel/excel.xls
INFO:root:Error while opening the sheet from file /home/ashish/snapdeal/python/csvimagedownload/excel/excel.xls
INFO:root:Unsupported format, or corrupt file: Expected BOF record; found 'abc\r\ncsv'
INFO:root:going to read : /home/ashish/snapdeal/python/csvimagedownload/excel/aa.xlsx
INFO:root:Error while opening the sheet from file /home/ashish/snapdeal/python/csvimagedownload/excel/aa.xlsx
INFO:root:Unsupported format, or corrupt file: Expected BOF record; found 'aa\r\naa\r\n'
INFO:root:going to read : /home/ashish/snapdeal/python/csvimagedownload/excel/aa.xlsx
INFO:root:Error while opening the sheet from file /home/ashish/snapdeal/python/csvimagedownload/excel/aa.xlsx
INFO:root:File size is 0 bytes
INFO:root:going to read : /home/ashish/snapdeal/python/csvimagedownload/excel/aa.xls
