2015-10-14T16:24:09+05:30 :	{"result":"Recieved","kuch":"naya","headers":{"Host":"localhost:6010","Connection":"keep-alive","Content-Length":"0","Cache-Control":"no-cache","Origin":"chrome-extension:\/\/fhbjgbiflinjbdggehcddcbncdddomop","dayum":"man","User-Agent":"Mozilla\/5.0 (X11; Linux x86_64) AppleWebKit\/537.36 (KHTML, like Gecko) Chrome\/45.0.2454.101 Safari\/537.36","that":"thing","Postman-Token":"c0ad55c9-0760-82da-d7b3-c4e98d75fc72","Accept":"*\/*","Accept-Encoding":"gzip, deflate","Accept-Language":"en-US,en;q=0.8"}}
2015-10-14T16:24:18+05:30 :	{"result":"Recieved","kuch":"naya","headers":{"Host":"localhost:6010","Connection":"keep-alive","Content-Length":"0","Cache-Control":"no-cache","Origin":"chrome-extension:\/\/fhbjgbiflinjbdggehcddcbncdddomop","dayum":"man","User-Agent":"Mozilla\/5.0 (X11; Linux x86_64) AppleWebKit\/537.36 (KHTML, like Gecko) Chrome\/45.0.2454.101 Safari\/537.36","that":"thing","Postman-Token":"4f48de47-0251-61f5-15e9-3b110d5508c6","Accept":"*\/*","Accept-Encoding":"gzip, deflate","Accept-Language":"en-US,en;q=0.8"}}
2015-10-14T16:24:24+05:30 :	{"result":"Recieved","kuch":"naya","headers":{"Host":"localhost:6010","Connection":"keep-alive","Content-Length":"0","Cache-Control":"no-cache","Origin":"chrome-extension:\/\/fhbjgbiflinjbdggehcddcbncdddomop","dayum":"man","User-Agent":"Mozilla\/5.0 (X11; Linux x86_64) AppleWebKit\/537.36 (KHTML, like Gecko) Chrome\/45.0.2454.101 Safari\/537.36","that":"thing","Postman-Token":"1f4d8efa-d408-72c5-68fb-dd6d0fb7078d","Accept":"*\/*","Accept-Encoding":"gzip, deflate","Accept-Language":"en-US,en;q=0.8"}}
2015-10-14T16:24:34+05:30 :	{"result":"Recieved","kuch":"naya","headers":{"Host":"localhost:6010","Connection":"keep-alive","Content-Length":"0","Cache-Control":"no-cache","Origin":"chrome-extension:\/\/fhbjgbiflinjbdggehcddcbncdddomop","dayum":"man","User-Agent":"Mozilla\/5.0 (X11; Linux x86_64) AppleWebKit\/537.36 (KHTML, like Gecko) Chrome\/45.0.2454.101 Safari\/537.36","that":"thing","Postman-Token":"fb11ad40-3692-8e66-22d7-e98f7f07bf43","Accept":"*\/*","Accept-Encoding":"gzip, deflate","Accept-Language":"en-US,en;q=0.8"}}
2015-10-14T16:27:31+05:30 :	{"result":"Recieved","kuch":"naya"}
2015-10-14T16:28:01+05:30 :	{"result":"Recieved","kuch":"naya"}
2015-10-14T16:28:06+05:30 :	{"result":"Recieved","kuch":"naya"}
2015-10-14T16:28:23+05:30 :	{"result":"Recieved","kuch":"naya"}
2015-10-14T16:28:38+05:30 :	{"result":"Recieved","kuch":"naya"}
2015-10-14T16:35:52+05:30 :	GET request
2015-10-14T16:35:52+05:30 :	{"result":"Recieved","kuch":"naya"}
2015-10-14T16:36:20+05:30 :	POST request
2015-10-14T16:36:20+05:30 :	{"result":"Recieved","kuch":"naya"}
2015-10-14T16:48:29+05:30 :	POST request
2015-10-14T16:48:29+05:30 :	{"result":"Recieved","kuch":"naya"}
2015-10-14T16:48:37+05:30 :	GET request
2015-10-14T16:48:37+05:30 :	Array
(
    [param] => test
)

2015-10-14T16:48:37+05:30 :	{"result":"Recieved","kuch":"naya"}
2015-10-14T16:49:15+05:30 :	POST request
2015-10-14T16:49:15+05:30 :	Array
(
)

2015-10-14T16:49:15+05:30 :	{"result":"Recieved","kuch":"naya"}
2015-10-14T16:49:45+05:30 :	POST request
2015-10-14T16:49:45+05:30 :	Array
(
    [param] => test
)

2015-10-14T16:49:45+05:30 :	{"result":"Recieved","kuch":"naya"}
2015-10-14T16:50:26+05:30 :	POST request
2015-10-14T16:50:26+05:30 :	Array
(
    [param] => test
)

2015-10-14T16:50:26+05:30 :	{"result":"Recieved","kuch":"naya"}
2015-10-14T16:51:11+05:30 :	POST request
2015-10-14T16:51:11+05:30 :	Array
(
    [param] => test
)

2015-10-14T16:51:11+05:30 :	{"result":"Recieved","kuch":"naya"}
2015-10-14T16:51:45+05:30 :	POST request
2015-10-14T16:51:45+05:30 :	Array
(
    [param] => test
)

2015-10-14T16:51:45+05:30 :	{"result":"Recieved","kuch":"naya"}
2015-10-14T16:52:24+05:30 :	GET request
2015-10-14T16:52:24+05:30 :	Array
(
    [param] => test
)

2015-10-14T16:52:24+05:30 :	{"result":"Recieved","kuch":"naya"}
