2015-10-14T17:11:39+05:30 :	GET request
2015-10-14T17:11:39+05:30 :	Array
(
    [param] => test
)

2015-10-14T17:11:39+05:30 :	{"result":"Recieved","kuch":"naya"}
2015-10-14T17:12:50+05:30 :	GET request
2015-10-14T17:12:50+05:30 :	Array
(
    [param] => test
)

2015-10-14T17:12:50+05:30 :	{"result":"Recieved","kuch":"naya"}
2015-10-14T17:13:47+05:30 :	GET request
2015-10-14T17:13:47+05:30 :	Array
(
    [param] => test
)

2015-10-14T17:13:47+05:30 :	{"result":"Recieved","kuch":"naya"}
2015-10-14T17:14:17+05:30 :	GET request
2015-10-14T17:14:17+05:30 :	Array
(
    [project] => panorama
)

2015-10-14T17:14:17+05:30 :	{"result":"Recieved","kuch":"naya"}
