2015-12-16T16:09:26+05:30 :	GET request
2015-12-16T16:09:26+05:30 :	Array
(
    [fetch] => project
    [project] => Project Aqua
)

2015-12-16T16:09:26+05:30 :	project name : Project Aqua
2015-12-16T16:09:26+05:30 :	
2015-12-16T16:11:11+05:30 :	GET request
2015-12-16T16:11:11+05:30 :	Array
(
    [fetch] => project
    [project] => Project Aqua
)

2015-12-16T16:11:11+05:30 :	project name : Project Aqua
2015-12-16T16:11:11+05:30 :	
2015-12-16T16:12:30+05:30 :	GET request
2015-12-16T16:12:30+05:30 :	Array
(
    [fetch] => project
    [project] => Project Aqua
)

2015-12-16T16:12:30+05:30 :	project name : Project Aqua
2015-12-16T16:12:30+05:30 :	
2015-12-16T16:13:35+05:30 :	GET request
2015-12-16T16:13:35+05:30 :	Array
(
    [fetch] => project
    [project] => Project Aqua
)

2015-12-16T16:13:35+05:30 :	project name : Project Aqua
2015-12-16T16:13:35+05:30 :	
2015-12-16T16:13:42+05:30 :	GET request
2015-12-16T16:13:42+05:30 :	Array
(
    [fetch] => project
    [project] => Project Aqua
)

2015-12-16T16:13:42+05:30 :	project name : Project Aqua
2015-12-16T16:13:42+05:30 :	
2015-12-16T16:13:47+05:30 :	GET request
2015-12-16T16:13:47+05:30 :	Array
(
    [fetch] => project
    [project] => Project Aqua
)

2015-12-16T16:13:47+05:30 :	project name : Project Aqua
2015-12-16T16:13:47+05:30 :	
2015-12-16T16:17:30+05:30 :	GET request
2015-12-16T16:17:30+05:30 :	Array
(
    [fetch] => project
    [project] => Project Aqua
)

2015-12-16T16:17:30+05:30 :	project name : Project Aqua
2015-12-16T16:17:30+05:30 :	
2015-12-16T16:17:36+05:30 :	GET request
2015-12-16T16:17:36+05:30 :	Array
(
    [fetch] => project
    [project] => Project Aqua
)

2015-12-16T16:17:36+05:30 :	project name : Project Aqua
2015-12-16T16:17:36+05:30 :	
2015-12-16T16:17:52+05:30 :	GET request
2015-12-16T16:17:52+05:30 :	Array
(
    [fetch] => project
    [project] => Project Aqua
)

2015-12-16T16:17:52+05:30 :	project name : Project Aqua
2015-12-16T16:17:52+05:30 :	
2015-12-16T16:17:55+05:30 :	GET request
2015-12-16T16:17:55+05:30 :	Array
(
    [fetch] => project
    [project] => Project Aqua
)

2015-12-16T16:17:55+05:30 :	project name : Project Aqua
2015-12-16T16:17:55+05:30 :	
